<?xml version="1.0" encoding="UTF-8"?>
<!-- Generated by org.testng.reporters.JUnitReportReporter -->
<testsuite skipped="0" hostname="VKULAGERIX88KU0" name="jenkins.GitJenkinsCheck" tests="1" failures="0" timestamp="01 Apr 2019 15:31:59 GMT" time="0.019" errors="0">
  <testcase name="printMsg" time="0.019" classname="jenkins.GitJenkinsCheck"/>
</testsuite> <!-- jenkins.GitJenkinsCheck -->
